Arguments: 
  /home/hagler/.nvm/versions/node/v8.9.4/bin/node /home/hagler/.nvm/versions/node/v8.9.4/bin/yarn

PATH: 
  /home/hagler/.nvm/versions/node/v8.9.4/bin:/home/hagler/bin:/home/hagler/.local/bin:/usr/local/sbin:/usr/local/bin:/usr/sbin:/usr/bin:/sbin:/bin:/usr/games:/usr/local/games:/snap/bin

Yarn version: 
  1.3.2

Node version: 
  8.9.4

Platform: 
  linux x64

npm manifest: 
  {
    "name": "ultra-jockey",
    "version": "1.0.0",
    "description": "Online Game of bets",
    "main": "index.js",
    "repository": "https://github.com/mayupi/UltraJockey",
    "license": "MIT",
    "private": true,
    "dependencies": {
      "classnames": "^2.2.5",
      "react": "^16.2.0",
      "react-dom": "^16.2.0",
      "react-router": "^4.2.0",
      "react-router-dom": "^4.2.2",
    },
    "devDependencies": {
      "babel-eslint": "7.0.0",
      "babel-plugin-add-module-exports": "^0.2.1",
      "babel-plugin-import": "^1.6.3",
      "babel-plugin-inline-import-graphql-ast": "^2.0.4",
      "babel-plugin-module-resolver": "^3.0.0",
      "babel-preset-env": "^1.6.1",
      "babel-preset-react": "^6.24.1",
      "babel-preset-react-boilerplate": "^1.1.1",
      "cross-env": "^5.1.3",
      "rimraf": "^2.6.2",
      "husky": "^0.15.0-rc.8",
      "lint-staged": "^7.0.0",
      "parcel-bundler": "^1.5.1",
      "prettier-standard": "^8.0.0",
      "standard": "^10.0.3"
    },
  }

yarn manifest: 
  No manifest

Lockfile: 
  No lockfile

Trace: 
  SyntaxError: /home/hagler/Projects/UltraJockey/Front-End/package.json: Unexpected token } in JSON at position 374
      at JSON.parse (<anonymous>)
      at /home/hagler/.nvm/versions/node/v8.9.4/lib/node_modules/yarn/lib/cli.js:770:59
      at Generator.next (<anonymous>)
      at step (/home/hagler/.nvm/versions/node/v8.9.4/lib/node_modules/yarn/lib/cli.js:92:30)
      at /home/hagler/.nvm/versions/node/v8.9.4/lib/node_modules/yarn/lib/cli.js:103:13
      at <anonymous>
